Apr 30, 2015 10:16:34 AM uk.ac.shef.dcs.oak.lodie.table.interpreter.content.KBSearcher_Freebase find_matchingEntitiesForText_clientFilterTypes
WARNING: QUERY (cache load)=New York|New York
Apr 30, 2015 10:16:34 AM uk.ac.shef.dcs.oak.lodie.table.interpreter.content.KBSearcher_Freebase find_matchingEntitiesForText_clientFilterTypes
WARNING: QUERY (cache load)=Atlanta|Atlanta
Apr 30, 2015 10:16:34 AM uk.ac.shef.dcs.oak.lodie.table.interpreter.content.KBSearcher_Freebase find_matchingEntitiesForText_clientFilterTypes
WARNING: QUERY (cache load)=Boston|Boston
Apr 30, 2015 10:16:34 AM uk.ac.shef.dcs.oak.lodie.table.interpreter.content.KBSearcher_Freebase find_matchingEntitiesForText_clientFilterTypes
WARNING: QUERY (cache load)=Pittsburgh/Golden Triangle|Pittsburgh/Golden Triangle
Apr 30, 2015 10:16:34 AM uk.ac.shef.dcs.oak.lodie.table.interpreter.content.KBSearcher_Freebase find_matchingEntitiesForText_clientFilterTypes
WARNING: QUERY (cache load)=Los Angeles|Los Angeles
Apr 30, 2015 10:16:34 AM uk.ac.shef.dcs.oak.lodie.table.interpreter.content.KBSearcher_Freebase find_matchingEntitiesForText_clientFilterTypes
WARNING: QUERY (cache load)=Chicago|Chicago
Apr 30, 2015 10:16:34 AM uk.ac.shef.dcs.oak.lodie.table.interpreter.content.KBSearcher_Freebase find_matchingEntitiesForText_clientFilterTypes
WARNING: QUERY (cache load)=Denver/Mile High|Denver/Mile High
Apr 30, 2015 10:16:34 AM uk.ac.shef.dcs.oak.lodie.table.interpreter.content.KBSearcher_Freebase find_matchingEntitiesForText_clientFilterTypes
WARNING: QUERY (cache load)=Twin Cities|Twin Cities
Apr 30, 2015 10:16:34 AM uk.ac.shef.dcs.oak.lodie.table.interpreter.content.KBSearcher_Freebase find_matchingEntitiesForText_clientFilterTypes
WARNING: QUERY (cache load)=Salt Lake City|Salt Lake City
Apr 30, 2015 10:16:34 AM uk.ac.shef.dcs.oak.lodie.table.interpreter.content.KBSearcher_Freebase find_matchingEntitiesForText_clientFilterTypes
WARNING: QUERY (cache load)=Milwaukee/City of Festivals|Milwaukee/City of Festivals
Apr 30, 2015 10:16:34 AM uk.ac.shef.dcs.oak.lodie.table.interpreter.content.KBSearcher_Freebase find_matchingEntitiesForText_clientFilterTypes
WARNING: QUERY (cache load)=Cincinnati|Cincinnati
Apr 30, 2015 10:16:34 AM uk.ac.shef.dcs.oak.lodie.table.interpreter.content.KBSearcher_Freebase find_matchingEntitiesForText_clientFilterTypes
WARNING: QUERY (cache load)=Michigan|Michigan
Apr 30, 2015 10:16:35 AM uk.ac.shef.dcs.oak.lodie.table.interpreter.content.KBSearcher_Freebase find_matchingEntitiesForText_clientFilterTypes
WARNING: QUERY (cache load)=Kansas City|Kansas City
Apr 30, 2015 10:16:35 AM uk.ac.shef.dcs.oak.lodie.table.interpreter.content.KBSearcher_Freebase find_matchingEntitiesForText_clientFilterTypes
WARNING: QUERY (cache load)=Columbia|Columbia
Apr 30, 2015 10:16:35 AM uk.ac.shef.dcs.oak.lodie.table.interpreter.content.KBSearcher_Freebase find_matchingEntitiesForText_clientFilterTypes
WARNING: QUERY (cache load)=Detroit|Detroit
Apr 30, 2015 10:16:35 AM uk.ac.shef.dcs.oak.lodie.table.interpreter.content.KBSearcher_Freebase find_matchingEntitiesForText_clientFilterTypes
WARNING: QUERY (cache load)=Seattle|Seattle
Apr 30, 2015 10:16:35 AM uk.ac.shef.dcs.oak.lodie.table.interpreter.content.KBSearcher_Freebase find_matchingEntitiesForText_clientFilterTypes
WARNING: QUERY (cache load)=Washington/Capital Area|Washington/Capital Area
Apr 30, 2015 10:16:35 AM uk.ac.shef.dcs.oak.lodie.table.interpreter.content.KBSearcher_Freebase find_matchingEntitiesForText_clientFilterTypes
WARNING: QUERY (cache load)=Wayne|Wayne
Apr 30, 2015 10:16:35 AM uk.ac.shef.dcs.oak.lodie.table.interpreter.content.KBSearcher_Freebase find_matchingEntitiesForText_clientFilterTypes
WARNING: QUERY (cache load)=Miami|Miami
Apr 30, 2015 10:16:35 AM uk.ac.shef.dcs.oak.lodie.table.interpreter.content.KBSearcher_Freebase find_matchingEntitiesForText_clientFilterTypes
WARNING: QUERY (cache load)=Buffalo-Niagara|Buffalo-Niagara
Apr 30, 2015 10:16:35 AM uk.ac.shef.dcs.oak.lodie.table.interpreter.content.KBSearcher_Freebase find_matchingEntitiesForText_clientFilterTypes
WARNING: QUERY (cache load)=St. John's|St. John's
Apr 30, 2015 10:16:35 AM uk.ac.shef.dcs.oak.lodie.table.interpreter.content.KBSearcher_Freebase find_matchingEntitiesForText_clientFilterTypes
WARNING: QUERY (cache load)=Dallas|Dallas
Apr 30, 2015 10:16:35 AM uk.ac.shef.dcs.oak.lodie.table.interpreter.content.KBSearcher_Freebase find_matchingEntitiesForText_clientFilterTypes
WARNING: QUERY (cache load)=Lincoln|Lincoln
Apr 30, 2015 10:16:35 AM uk.ac.shef.dcs.oak.lodie.table.interpreter.content.KBSearcher_Freebase find_matchingEntitiesForText_clientFilterTypes
WARNING: QUERY (cache load)=Birmingham|Birmingham
Apr 30, 2015 10:16:36 AM uk.ac.shef.dcs.oak.lodie.table.interpreter.content.KBSearcher_Freebase find_matchingEntitiesForText_clientFilterTypes
WARNING: QUERY (cache load)=Glass City|Glass City
Apr 30, 2015 10:16:36 AM uk.ac.shef.dcs.oak.lodie.table.interpreter.content.KBSearcher_Freebase find_matchingEntitiesForText_clientFilterTypes
WARNING: QUERY (cache load)=Omaha|Omaha
Apr 30, 2015 10:16:36 AM uk.ac.shef.dcs.oak.lodie.table.interpreter.content.KBSearcher_Freebase find_matchingEntitiesForText_clientFilterTypes
WARNING: QUERY (cache load)=Portland|Portland
Apr 30, 2015 10:16:36 AM uk.ac.shef.dcs.oak.lodie.table.interpreter.content.KBSearcher_Freebase find_matchingEntitiesForText_clientFilterTypes
WARNING: QUERY (cache load)=Tallahassee|Tallahassee
Apr 30, 2015 10:16:36 AM uk.ac.shef.dcs.oak.lodie.table.interpreter.content.KBSearcher_Freebase find_matchingEntitiesForText_clientFilterTypes
WARNING: QUERY (cache load)=Northern California|Northern California
Apr 30, 2015 10:16:36 AM uk.ac.shef.dcs.oak.lodie.table.interpreter.content.KBSearcher_Freebase find_matchingEntitiesForText_clientFilterTypes
WARNING: QUERY (cache load)=Peoria|Peoria
Apr 30, 2015 10:16:36 AM uk.ac.shef.dcs.oak.lodie.table.interpreter.content.KBSearcher_Freebase find_matchingEntitiesForText_clientFilterTypes
WARNING: QUERY (cache load)=Northern New Jersey|Northern New Jersey
Apr 30, 2015 10:16:36 AM uk.ac.shef.dcs.oak.lodie.table.interpreter.content.KBSearcher_Freebase find_matchingEntitiesForText_clientFilterTypes
WARNING: QUERY (cache load)=Charlotte|Charlotte
Apr 30, 2015 10:16:36 AM uk.ac.shef.dcs.oak.lodie.table.interpreter.content.KBSearcher_Freebase find_matchingEntitiesForText_clientFilterTypes
WARNING: QUERY (cache load)=Motor City|Motor City
Apr 30, 2015 10:16:36 AM uk.ac.shef.dcs.oak.lodie.table.interpreter.content.KBSearcher_Freebase find_matchingEntitiesForText_clientFilterTypes
WARNING: QUERY (cache load)=Nashville/Music City|Nashville/Music City
Apr 30, 2015 10:16:36 AM uk.ac.shef.dcs.oak.lodie.table.interpreter.content.KBSearcher_Freebase find_matchingEntitiesForText_clientFilterTypes
WARNING: QUERY (cache load)=Athens|Athens
Apr 30, 2015 10:16:36 AM uk.ac.shef.dcs.oak.lodie.table.interpreter.content.KBSearcher_Freebase find_matchingEntitiesForText_clientFilterTypes
WARNING: QUERY (cache load)=Jacksonville|Jacksonville
Apr 30, 2015 10:16:36 AM uk.ac.shef.dcs.oak.lodie.table.interpreter.content.KBSearcher_Freebase find_matchingEntitiesForText_clientFilterTypes
WARNING: QUERY (cache load)=Long Beach|Long Beach
Apr 30, 2015 10:16:36 AM uk.ac.shef.dcs.oak.lodie.table.interpreter.content.KBSearcher_Freebase find_matchingEntitiesForText_clientFilterTypes
WARNING: QUERY (cache load)=Tampa/Tampa Bay|Tampa/Tampa Bay
Apr 30, 2015 10:16:36 AM uk.ac.shef.dcs.oak.lodie.table.interpreter.content.KBSearcher_Freebase find_matchingEntitiesForText_clientFilterTypes
WARNING: QUERY (cache load)=St. Petersburg|St. Petersburg
Apr 30, 2015 10:16:36 AM uk.ac.shef.dcs.oak.lodie.table.interpreter.content.KBSearcher_Freebase find_matchingEntitiesForText_clientFilterTypes
WARNING: QUERY (cache load)=Cleveland|Cleveland
Apr 30, 2015 10:16:36 AM uk.ac.shef.dcs.oak.lodie.table.interpreter.content.KBSearcher_Freebase find_matchingEntitiesForText_clientFilterTypes
WARNING: QUERY (cache load)=Tacoma|Tacoma
Apr 30, 2015 10:16:36 AM uk.ac.shef.dcs.oak.lodie.table.interpreter.content.KBSearcher_Freebase find_matchingEntitiesForText_clientFilterTypes
WARNING: QUERY (cache load)=Dayton|Dayton
Apr 30, 2015 10:16:36 AM uk.ac.shef.dcs.oak.lodie.table.interpreter.content.KBSearcher_Freebase find_matchingEntitiesForText_clientFilterTypes
WARNING: QUERY (cache load)=Central Florida|Central Florida
Apr 30, 2015 10:16:36 AM uk.ac.shef.dcs.oak.lodie.table.interpreter.content.KBSearcher_Freebase find_matchingEntitiesForText_clientFilterTypes
WARNING: QUERY (cache load)=Ft. Lauderdale|Ft. Lauderdale
Apr 30, 2015 10:16:36 AM uk.ac.shef.dcs.oak.lodie.table.interpreter.content.KBSearcher_Freebase find_matchingEntitiesForText_clientFilterTypes
WARNING: QUERY (cache load)=Pensacola|Pensacola
Apr 30, 2015 10:16:36 AM uk.ac.shef.dcs.oak.lodie.table.interpreter.content.KBSearcher_Freebase find_matchingEntitiesForText_clientFilterTypes
WARNING: QUERY (cache load)=Air Capitol|Air Capitol
Apr 30, 2015 10:16:36 AM uk.ac.shef.dcs.oak.lodie.table.interpreter.content.KBSearcher_Freebase find_matchingEntitiesForText_clientFilterTypes
WARNING: QUERY (cache load)=Tucson|Tucson
Apr 30, 2015 10:16:36 AM uk.ac.shef.dcs.oak.lodie.table.interpreter.content.KBSearcher_Freebase find_matchingEntitiesForText_clientFilterTypes
WARNING: QUERY (cache load)=Gateway|Gateway
Apr 30, 2015 10:16:36 AM uk.ac.shef.dcs.oak.lodie.table.interpreter.content.KBSearcher_Freebase find_matchingEntitiesForText_clientFilterTypes
WARNING: QUERY (cache load)=Little Rock|Little Rock
Apr 30, 2015 10:16:36 AM uk.ac.shef.dcs.oak.lodie.table.interpreter.content.KBSearcher_Freebase find_matchingEntitiesForText_clientFilterTypes
WARNING: QUERY (cache load)=Hampton Roads|Hampton Roads
Apr 30, 2015 10:16:36 AM uk.ac.shef.dcs.oak.lodie.table.interpreter.content.KBSearcher_Freebase find_matchingEntitiesForText_clientFilterTypes
WARNING: QUERY (cache load)=Hoosier|Hoosier
Apr 30, 2015 10:16:36 AM uk.ac.shef.dcs.oak.lodie.table.interpreter.content.KBSearcher_Freebase find_matchingEntitiesForText_clientFilterTypes
WARNING: QUERY (cache load)=Des Moines|Des Moines
Apr 30, 2015 10:16:36 AM uk.ac.shef.dcs.oak.lodie.table.interpreter.content.KBSearcher_Freebase find_matchingEntitiesForText_clientFilterTypes
WARNING: QUERY (cache load)=Tulsa|Tulsa
Apr 30, 2015 10:16:36 AM uk.ac.shef.dcs.oak.lodie.table.interpreter.content.KBSearcher_Freebase find_matchingEntitiesForText_clientFilterTypes
WARNING: QUERY (cache load)=Memphis|Memphis
Apr 30, 2015 10:16:36 AM uk.ac.shef.dcs.oak.lodie.table.interpreter.content.KBSearcher_Freebase find_matchingEntitiesForText_clientFilterTypes
WARNING: QUERY (cache load)=Phoenix|Phoenix
Apr 30, 2015 10:16:36 AM uk.ac.shef.dcs.oak.lodie.table.interpreter.content.KBSearcher_Freebase find_matchingEntitiesForText_clientFilterTypes
WARNING: QUERY (cache load)=Garden State|Garden State
Apr 30, 2015 10:16:36 AM uk.ac.shef.dcs.oak.lodie.table.interpreter.content.KBSearcher_Freebase find_matchingEntitiesForText_clientFilterTypes
WARNING: QUERY (cache load)=Texas Gulf Coast|Texas Gulf Coast
Apr 30, 2015 10:16:37 AM uk.ac.shef.dcs.oak.lodie.table.interpreter.content.KBSearcher_Freebase find_matchingEntitiesForText_clientFilterTypes
WARNING: QUERY (cache load)=Tri-State|Tri-State
Apr 30, 2015 10:16:37 AM uk.ac.shef.dcs.oak.lodie.table.interpreter.content.KBSearcher_Freebase find_matchingEntitiesForText_clientFilterTypes
WARNING: QUERY (cache load)=Hawkeye State|Hawkeye State
Apr 30, 2015 10:16:37 AM uk.ac.shef.dcs.oak.lodie.table.interpreter.content.KBSearcher_Freebase find_matchingEntitiesForText_clientFilterTypes
WARNING: QUERY (cache load)=Treasure Valley|Treasure Valley
Apr 30, 2015 10:16:37 AM uk.ac.shef.dcs.oak.lodie.table.interpreter.content.KBSearcher_Freebase find_matchingEntitiesForText_clientFilterTypes
WARNING: QUERY (cache load)=San Diego|San Diego
Apr 30, 2015 10:16:37 AM uk.ac.shef.dcs.oak.lodie.table.interpreter.content.KBSearcher_Freebase find_matchingEntitiesForText_clientFilterTypes
WARNING: QUERY (cache load)=St. Louis Metro|St. Louis Metro
Apr 30, 2015 10:16:37 AM uk.ac.shef.dcs.oak.lodie.table.interpreter.content.KBSearcher_Freebase find_matchingEntitiesForText_clientFilterTypes
WARNING: QUERY (cache load)=Greater Piedmont|Greater Piedmont
Apr 30, 2015 10:16:37 AM uk.ac.shef.dcs.oak.lodie.table.interpreter.content.KBSearcher_Freebase find_matchingEntitiesForText_clientFilterTypes
WARNING: QUERY (cache load)=Orange County|Orange County
Apr 30, 2015 10:16:37 AM uk.ac.shef.dcs.oak.lodie.table.interpreter.content.KBSearcher_Freebase find_matchingEntitiesForText_clientFilterTypes
WARNING: QUERY (cache load)=Central Ohio|Central Ohio
Apr 30, 2015 10:16:37 AM uk.ac.shef.dcs.oak.lodie.table.interpreter.content.KBSearcher_Freebase find_matchingEntitiesForText_clientFilterTypes
WARNING: QUERY (cache load)=Bay Area|Bay Area
Apr 30, 2015 10:16:37 AM uk.ac.shef.dcs.oak.lodie.table.interpreter.content.KBSearcher_Freebase find_matchingEntitiesForText_clientFilterTypes
WARNING: QUERY (cache load)=Central Florida|Central Florida
Apr 30, 2015 10:16:37 AM uk.ac.shef.dcs.oak.lodie.table.interpreter.content.KBSearcher_Freebase find_matchingEntitiesForText_clientFilterTypes
WARNING: QUERY (cache load)=Ohio Valley|Ohio Valley
Apr 30, 2015 10:16:37 AM uk.ac.shef.dcs.oak.lodie.table.interpreter.content.KBSearcher_Freebase find_matchingEntitiesForText_clientFilterTypes
WARNING: QUERY (cache load)=Alamo City|Alamo City
Apr 30, 2015 10:16:37 AM uk.ac.shef.dcs.oak.lodie.table.interpreter.content.KBSearcher_Freebase find_matchingEntitiesForText_clientFilterTypes
WARNING: QUERY (cache load)=Florida Gold Coast|Florida Gold Coast
Apr 30, 2015 10:16:37 AM uk.ac.shef.dcs.oak.lodie.table.interpreter.content.KBSearcher_Freebase find_matchingEntitiesForText_clientFilterTypes
WARNING: QUERY (cache load)=Queen City|Queen City
Apr 30, 2015 10:16:37 AM uk.ac.shef.dcs.oak.lodie.table.interpreter.content.KBSearcher_Freebase find_matchingEntitiesForText_clientFilterTypes
WARNING: QUERY (cache load)=Tennessee Valley|Tennessee Valley
Apr 30, 2015 10:16:37 AM uk.ac.shef.dcs.oak.lodie.table.interpreter.content.KBSearcher_Freebase find_matchingEntitiesForText_clientFilterTypes
WARNING: QUERY (cache load)=Upper Cumberland|Upper Cumberland
Apr 30, 2015 10:16:37 AM uk.ac.shef.dcs.oak.lodie.table.interpreter.content.KBSearcher_Freebase find_matchingEntitiesForText_clientFilterTypes
WARNING: QUERY (cache load)=Kansas City Metro|Kansas City Metro
Apr 30, 2015 10:16:37 AM uk.ac.shef.dcs.oak.lodie.table.interpreter.content.KBSearcher_Freebase find_matchingEntitiesForText_clientFilterTypes
WARNING: QUERY (cache load)=Spindletop|Spindletop
Apr 30, 2015 10:16:37 AM uk.ac.shef.dcs.oak.lodie.table.interpreter.content.KBSearcher_Freebase find_matchingEntitiesForText_clientFilterTypes
WARNING: QUERY (cache load)=Manchester Business|Manchester Business
Apr 30, 2015 10:16:37 AM uk.ac.shef.dcs.oak.lodie.table.interpreter.content.KBSearcher_Freebase find_matchingEntitiesForText_clientFilterTypes
WARNING: QUERY (cache load)=Triangle Area|Triangle Area
Apr 30, 2015 10:16:37 AM uk.ac.shef.dcs.oak.lodie.table.interpreter.content.KBSearcher_Freebase find_matchingEntitiesForText_clientFilterTypes
WARNING: QUERY (cache load)=Baltimore Alumni|Baltimore Alumni
Apr 30, 2015 10:16:37 AM uk.ac.shef.dcs.oak.lodie.table.interpreter.content.KBSearcher_Freebase find_matchingEntitiesForText_clientFilterTypes
WARNING: QUERY (cache load)=Charleston Alumni|Charleston Alumni
Apr 30, 2015 10:16:37 AM uk.ac.shef.dcs.oak.lodie.table.interpreter.content.KBSearcher_Freebase find_matchingEntitiesForText_clientFilterTypes
WARNING: QUERY (cache load)=Panama Alumni|Panama Alumni
Apr 30, 2015 10:16:37 AM uk.ac.shef.dcs.oak.lodie.table.interpreter.content.KBSearcher_Freebase find_matchingEntitiesForText_clientFilterTypes
WARNING: QUERY (cache load)=New York, New York|New York, New York
Apr 30, 2015 10:16:37 AM uk.ac.shef.dcs.oak.lodie.table.interpreter.content.KBSearcher_Freebase find_matchingEntitiesForText_clientFilterTypes
WARNING: QUERY (cache load)=Atlanta|Atlanta
Apr 30, 2015 10:16:37 AM uk.ac.shef.dcs.oak.lodie.table.interpreter.content.KBSearcher_Freebase find_matchingEntitiesForText_clientFilterTypes
WARNING: QUERY (cache load)=Boston, Massachusetts|Boston, Massachusetts
Apr 30, 2015 10:16:37 AM uk.ac.shef.dcs.oak.lodie.table.interpreter.content.KBSearcher_Freebase find_matchingEntitiesForText_clientFilterTypes
WARNING: QUERY (cache load)=Pittsburgh, Pennsylvania|Pittsburgh, Pennsylvania
Apr 30, 2015 10:16:37 AM uk.ac.shef.dcs.oak.lodie.table.interpreter.content.KBSearcher_Freebase find_matchingEntitiesForText_clientFilterTypes
WARNING: QUERY (cache load)=Los Angeles, California|Los Angeles, California
Apr 30, 2015 10:16:37 AM uk.ac.shef.dcs.oak.lodie.table.interpreter.content.KBSearcher_Freebase find_matchingEntitiesForText_clientFilterTypes
WARNING: QUERY (cache load)=Chicago, Illinois|Chicago, Illinois
Apr 30, 2015 10:16:37 AM uk.ac.shef.dcs.oak.lodie.table.interpreter.content.KBSearcher_Freebase find_matchingEntitiesForText_clientFilterTypes
WARNING: QUERY (cache load)=Denver, Colorado|Denver, Colorado
Apr 30, 2015 10:16:37 AM uk.ac.shef.dcs.oak.lodie.table.interpreter.content.KBSearcher_Freebase find_matchingEntitiesForText_clientFilterTypes
WARNING: QUERY (cache load)=Minneapolis, Minnesota|Minneapolis, Minnesota
Apr 30, 2015 10:16:37 AM uk.ac.shef.dcs.oak.lodie.table.interpreter.content.KBSearcher_Freebase find_matchingEntitiesForText_clientFilterTypes
WARNING: QUERY (cache load)=Salt Lake City, Utah|Salt Lake City, Utah
Apr 30, 2015 10:16:37 AM uk.ac.shef.dcs.oak.lodie.table.interpreter.content.KBSearcher_Freebase find_matchingEntitiesForText_clientFilterTypes
WARNING: QUERY (cache load)=Milwaukee, Wisconsin|Milwaukee, Wisconsin
Apr 30, 2015 10:16:38 AM uk.ac.shef.dcs.oak.lodie.table.interpreter.content.KBSearcher_Freebase find_matchingEntitiesForText_clientFilterTypes
WARNING: QUERY (cache load)=Cincinnati, Ohio|Cincinnati, Ohio
Apr 30, 2015 10:16:38 AM uk.ac.shef.dcs.oak.lodie.table.interpreter.content.KBSearcher_Freebase find_matchingEntitiesForText_clientFilterTypes
WARNING: QUERY (cache load)=Detroit, Michigan|Detroit, Michigan
Apr 30, 2015 10:16:38 AM uk.ac.shef.dcs.oak.lodie.table.interpreter.content.KBSearcher_Freebase find_matchingEntitiesForText_clientFilterTypes
WARNING: QUERY (cache load)=Kansas City, Missouri|Kansas City, Missouri
Apr 30, 2015 10:16:38 AM uk.ac.shef.dcs.oak.lodie.table.interpreter.content.KBSearcher_Freebase find_matchingEntitiesForText_clientFilterTypes
WARNING: QUERY (cache load)=Columbia, New York|Columbia, New York
Apr 30, 2015 10:16:38 AM uk.ac.shef.dcs.oak.lodie.table.interpreter.content.KBSearcher_Freebase find_matchingEntitiesForText_clientFilterTypes
WARNING: QUERY (cache load)=Detroit, Michigan|Detroit, Michigan
Apr 30, 2015 10:16:38 AM uk.ac.shef.dcs.oak.lodie.table.interpreter.content.KBSearcher_Freebase find_matchingEntitiesForText_clientFilterTypes
WARNING: QUERY (cache load)=Seattle, Washington|Seattle, Washington
Apr 30, 2015 10:16:38 AM uk.ac.shef.dcs.oak.lodie.table.interpreter.content.KBSearcher_Freebase find_matchingEntitiesForText_clientFilterTypes
WARNING: QUERY (cache load)=Washington, D.C.|Washington, D.C.
Apr 30, 2015 10:16:38 AM uk.ac.shef.dcs.oak.lodie.table.interpreter.content.KBSearcher_Freebase find_matchingEntitiesForText_clientFilterTypes
WARNING: QUERY (cache load)=Wayne, Michigan|Wayne, Michigan
Apr 30, 2015 10:16:38 AM uk.ac.shef.dcs.oak.lodie.table.interpreter.content.KBSearcher_Freebase find_matchingEntitiesForText_clientFilterTypes
WARNING: QUERY (cache load)=Miami, Florida|Miami, Florida
Apr 30, 2015 10:16:38 AM uk.ac.shef.dcs.oak.lodie.table.interpreter.content.KBSearcher_Freebase find_matchingEntitiesForText_clientFilterTypes
WARNING: QUERY (cache load)=Buffalo, New York|Buffalo, New York
Apr 30, 2015 10:16:38 AM uk.ac.shef.dcs.oak.lodie.table.interpreter.content.KBSearcher_Freebase find_matchingEntitiesForText_clientFilterTypes
WARNING: QUERY (cache load)=Long Island, New York|Long Island, New York
Apr 30, 2015 10:16:38 AM uk.ac.shef.dcs.oak.lodie.table.interpreter.content.KBSearcher_Freebase find_matchingEntitiesForText_clientFilterTypes
WARNING: QUERY (cache load)=Dallas, Texas|Dallas, Texas
Apr 30, 2015 10:16:38 AM uk.ac.shef.dcs.oak.lodie.table.interpreter.content.KBSearcher_Freebase find_matchingEntitiesForText_clientFilterTypes
WARNING: QUERY (cache load)=Lincoln, Nebraska|Lincoln, Nebraska
Apr 30, 2015 10:16:38 AM uk.ac.shef.dcs.oak.lodie.table.interpreter.content.KBSearcher_Freebase find_matchingEntitiesForText_clientFilterTypes
WARNING: QUERY (cache load)=Birmingham, Alabama|Birmingham, Alabama
Apr 30, 2015 10:16:38 AM uk.ac.shef.dcs.oak.lodie.table.interpreter.content.KBSearcher_Freebase find_matchingEntitiesForText_clientFilterTypes
WARNING: QUERY (cache load)=Toledo, Ohio|Toledo, Ohio
Apr 30, 2015 10:16:38 AM uk.ac.shef.dcs.oak.lodie.table.interpreter.content.KBSearcher_Freebase find_matchingEntitiesForText_clientFilterTypes
WARNING: QUERY (cache load)=Omaha, Nebraska|Omaha, Nebraska
Apr 30, 2015 10:16:38 AM uk.ac.shef.dcs.oak.lodie.table.interpreter.content.KBSearcher_Freebase find_matchingEntitiesForText_clientFilterTypes
WARNING: QUERY (cache load)=Portland, Oregon|Portland, Oregon
Apr 30, 2015 10:16:38 AM uk.ac.shef.dcs.oak.lodie.table.interpreter.content.KBSearcher_Freebase find_matchingEntitiesForText_clientFilterTypes
WARNING: QUERY (cache load)=Tallahassee, Florida|Tallahassee, Florida
Apr 30, 2015 10:16:38 AM uk.ac.shef.dcs.oak.lodie.table.interpreter.content.KBSearcher_Freebase find_matchingEntitiesForText_clientFilterTypes
WARNING: QUERY (cache load)=San Francisco, California|San Francisco, California
Apr 30, 2015 10:16:38 AM uk.ac.shef.dcs.oak.lodie.table.interpreter.content.KBSearcher_Freebase find_matchingEntitiesForText_clientFilterTypes
WARNING: QUERY (cache load)=Peoria, Illinois|Peoria, Illinois
Apr 30, 2015 10:16:38 AM uk.ac.shef.dcs.oak.lodie.table.interpreter.content.KBSearcher_Freebase find_matchingEntitiesForText_clientFilterTypes
WARNING: QUERY (cache load)=Newark, New Jersey|Newark, New Jersey
Apr 30, 2015 10:16:38 AM uk.ac.shef.dcs.oak.lodie.table.interpreter.content.KBSearcher_Freebase find_matchingEntitiesForText_clientFilterTypes
WARNING: QUERY (cache load)=Charlotte, North Carolina|Charlotte, North Carolina
Apr 30, 2015 10:16:38 AM uk.ac.shef.dcs.oak.lodie.table.interpreter.content.KBSearcher_Freebase find_matchingEntitiesForText_clientFilterTypes
WARNING: QUERY (cache load)=Detroit, Michigan|Detroit, Michigan
Apr 30, 2015 10:16:38 AM uk.ac.shef.dcs.oak.lodie.table.interpreter.content.KBSearcher_Freebase find_matchingEntitiesForText_clientFilterTypes
WARNING: QUERY (cache load)=Nashville, Tennessee|Nashville, Tennessee
Apr 30, 2015 10:16:38 AM uk.ac.shef.dcs.oak.lodie.table.interpreter.content.KBSearcher_Freebase find_matchingEntitiesForText_clientFilterTypes
WARNING: QUERY (cache load)=Athens|Athens
Apr 30, 2015 10:16:39 AM uk.ac.shef.dcs.oak.lodie.table.interpreter.content.KBSearcher_Freebase find_matchingEntitiesForText_clientFilterTypes
WARNING: QUERY (cache load)=Jacksonville, Florida|Jacksonville, Florida
Apr 30, 2015 10:16:39 AM uk.ac.shef.dcs.oak.lodie.table.interpreter.content.KBSearcher_Freebase find_matchingEntitiesForText_clientFilterTypes
WARNING: QUERY (cache load)=Long Beach, California|Long Beach, California
Apr 30, 2015 10:16:39 AM uk.ac.shef.dcs.oak.lodie.table.interpreter.content.KBSearcher_Freebase find_matchingEntitiesForText_clientFilterTypes
WARNING: QUERY (cache load)=Tampa, Florida|Tampa, Florida
Apr 30, 2015 10:16:39 AM uk.ac.shef.dcs.oak.lodie.table.interpreter.content.KBSearcher_Freebase find_matchingEntitiesForText_clientFilterTypes
WARNING: QUERY (cache load)=St. Petersburg, Florida|St. Petersburg, Florida
Apr 30, 2015 10:16:39 AM uk.ac.shef.dcs.oak.lodie.table.interpreter.content.KBSearcher_Freebase find_matchingEntitiesForText_clientFilterTypes
WARNING: QUERY (cache load)=Cleveland, Ohio|Cleveland, Ohio
Apr 30, 2015 10:16:39 AM uk.ac.shef.dcs.oak.lodie.table.interpreter.content.KBSearcher_Freebase find_matchingEntitiesForText_clientFilterTypes
WARNING: QUERY (cache load)=Tacoma, Washington|Tacoma, Washington
Apr 30, 2015 10:16:39 AM uk.ac.shef.dcs.oak.lodie.table.interpreter.content.KBSearcher_Freebase find_matchingEntitiesForText_clientFilterTypes
WARNING: QUERY (cache load)=Dayton, Ohio|Dayton, Ohio
Apr 30, 2015 10:16:39 AM uk.ac.shef.dcs.oak.lodie.table.interpreter.content.KBSearcher_Freebase find_matchingEntitiesForText_clientFilterTypes
WARNING: QUERY (cache load)=Orlando, Florida|Orlando, Florida
Apr 30, 2015 10:16:39 AM uk.ac.shef.dcs.oak.lodie.table.interpreter.content.KBSearcher_Freebase find_matchingEntitiesForText_clientFilterTypes
WARNING: QUERY (cache load)=Ft. Lauderdale, Florida|Ft. Lauderdale, Florida
Apr 30, 2015 10:16:39 AM uk.ac.shef.dcs.oak.lodie.table.interpreter.content.KBSearcher_Freebase find_matchingEntitiesForText_clientFilterTypes
WARNING: QUERY (cache load)=Pensacola, Florida|Pensacola, Florida
Apr 30, 2015 10:16:39 AM uk.ac.shef.dcs.oak.lodie.table.interpreter.content.KBSearcher_Freebase find_matchingEntitiesForText_clientFilterTypes
WARNING: QUERY (cache load)=Wichita, Kansas|Wichita, Kansas
Apr 30, 2015 10:16:39 AM uk.ac.shef.dcs.oak.lodie.table.interpreter.content.KBSearcher_Freebase find_matchingEntitiesForText_clientFilterTypes
WARNING: QUERY (cache load)=Tucson, Arizona|Tucson, Arizona
Apr 30, 2015 10:16:39 AM uk.ac.shef.dcs.oak.lodie.table.interpreter.content.KBSearcher_Freebase find_matchingEntitiesForText_clientFilterTypes
WARNING: QUERY (cache load)=St. Louis, Missouri|St. Louis, Missouri
Apr 30, 2015 10:16:39 AM uk.ac.shef.dcs.oak.lodie.table.interpreter.content.KBSearcher_Freebase find_matchingEntitiesForText_clientFilterTypes
WARNING: QUERY (cache load)=Little Rock, Arkansas|Little Rock, Arkansas
Apr 30, 2015 10:16:39 AM uk.ac.shef.dcs.oak.lodie.table.interpreter.content.KBSearcher_Freebase find_matchingEntitiesForText_clientFilterTypes
WARNING: QUERY (cache load)=Norfolk, Virginia|Norfolk, Virginia
Apr 30, 2015 10:16:39 AM uk.ac.shef.dcs.oak.lodie.table.interpreter.content.KBSearcher_Freebase find_matchingEntitiesForText_clientFilterTypes
WARNING: QUERY (cache load)=Indianapolis, Indiana|Indianapolis, Indiana
Apr 30, 2015 10:16:39 AM uk.ac.shef.dcs.oak.lodie.table.interpreter.content.KBSearcher_Freebase find_matchingEntitiesForText_clientFilterTypes
WARNING: QUERY (cache load)=Des Moines, Iowa|Des Moines, Iowa
Apr 30, 2015 10:16:39 AM uk.ac.shef.dcs.oak.lodie.table.interpreter.content.KBSearcher_Freebase find_matchingEntitiesForText_clientFilterTypes
WARNING: QUERY (cache load)=Tulsa, Oklahoma|Tulsa, Oklahoma
Apr 30, 2015 10:16:39 AM uk.ac.shef.dcs.oak.lodie.table.interpreter.content.KBSearcher_Freebase find_matchingEntitiesForText_clientFilterTypes
WARNING: QUERY (cache load)=Memphis, Tennessee|Memphis, Tennessee
Apr 30, 2015 10:16:39 AM uk.ac.shef.dcs.oak.lodie.table.interpreter.content.KBSearcher_Freebase find_matchingEntitiesForText_clientFilterTypes
WARNING: QUERY (cache load)=Phoenix, Arizona|Phoenix, Arizona
Apr 30, 2015 10:16:39 AM uk.ac.shef.dcs.oak.lodie.table.interpreter.content.KBSearcher_Freebase find_matchingEntitiesForText_clientFilterTypes
WARNING: QUERY (cache load)=East Orange, New Jersey|East Orange, New Jersey
Apr 30, 2015 10:16:39 AM uk.ac.shef.dcs.oak.lodie.table.interpreter.content.KBSearcher_Freebase find_matchingEntitiesForText_clientFilterTypes
WARNING: QUERY (cache load)=Houston, Texas|Houston, Texas
Apr 30, 2015 10:16:39 AM uk.ac.shef.dcs.oak.lodie.table.interpreter.content.KBSearcher_Freebase find_matchingEntitiesForText_clientFilterTypes
WARNING: QUERY (cache load)=Springfield, Massachusetts|Springfield, Massachusetts
Apr 30, 2015 10:16:39 AM uk.ac.shef.dcs.oak.lodie.table.interpreter.content.KBSearcher_Freebase find_matchingEntitiesForText_clientFilterTypes
WARNING: QUERY (cache load)=Iowa City, Iowa|Iowa City, Iowa
Apr 30, 2015 10:16:39 AM uk.ac.shef.dcs.oak.lodie.table.interpreter.content.KBSearcher_Freebase find_matchingEntitiesForText_clientFilterTypes
WARNING: QUERY (cache load)=Boise, Idaho|Boise, Idaho
Apr 30, 2015 10:16:39 AM uk.ac.shef.dcs.oak.lodie.table.interpreter.content.KBSearcher_Freebase find_matchingEntitiesForText_clientFilterTypes
WARNING: QUERY (cache load)=San Diego, California|San Diego, California
Apr 30, 2015 10:16:39 AM uk.ac.shef.dcs.oak.lodie.table.interpreter.content.KBSearcher_Freebase find_matchingEntitiesForText_clientFilterTypes
WARNING: QUERY (cache load)=St. Louis, Missouri|St. Louis, Missouri
Apr 30, 2015 10:16:39 AM uk.ac.shef.dcs.oak.lodie.table.interpreter.content.KBSearcher_Freebase find_matchingEntitiesForText_clientFilterTypes
WARNING: QUERY (cache load)=Charlotte, North Carolina|Charlotte, North Carolina
Apr 30, 2015 10:16:39 AM uk.ac.shef.dcs.oak.lodie.table.interpreter.content.KBSearcher_Freebase find_matchingEntitiesForText_clientFilterTypes
WARNING: QUERY (cache load)=Orange County, California|Orange County, California
Apr 30, 2015 10:16:39 AM uk.ac.shef.dcs.oak.lodie.table.interpreter.content.KBSearcher_Freebase find_matchingEntitiesForText_clientFilterTypes
WARNING: QUERY (cache load)=Columbus, Ohio|Columbus, Ohio
Apr 30, 2015 10:16:40 AM uk.ac.shef.dcs.oak.lodie.table.interpreter.content.KBSearcher_Freebase find_matchingEntitiesForText_clientFilterTypes
WARNING: QUERY (cache load)=San Francisco, California|San Francisco, California
Apr 30, 2015 10:16:40 AM uk.ac.shef.dcs.oak.lodie.table.interpreter.content.KBSearcher_Freebase find_matchingEntitiesForText_clientFilterTypes
WARNING: QUERY (cache load)=Orlando, Florida|Orlando, Florida
Apr 30, 2015 10:16:40 AM uk.ac.shef.dcs.oak.lodie.table.interpreter.content.KBSearcher_Freebase find_matchingEntitiesForText_clientFilterTypes
WARNING: QUERY (cache load)=Cincinnati, Ohio|Cincinnati, Ohio
Apr 30, 2015 10:16:40 AM uk.ac.shef.dcs.oak.lodie.table.interpreter.content.KBSearcher_Freebase find_matchingEntitiesForText_clientFilterTypes
WARNING: QUERY (cache load)=San Antonio, Texas|San Antonio, Texas
Apr 30, 2015 10:16:40 AM uk.ac.shef.dcs.oak.lodie.table.interpreter.content.KBSearcher_Freebase find_matchingEntitiesForText_clientFilterTypes
WARNING: QUERY (cache load)=Miami, Florida|Miami, Florida
Apr 30, 2015 10:16:40 AM uk.ac.shef.dcs.oak.lodie.table.interpreter.content.KBSearcher_Freebase find_matchingEntitiesForText_clientFilterTypes
WARNING: QUERY (cache load)=Charlotte, North Carolina|Charlotte, North Carolina
Apr 30, 2015 10:16:40 AM uk.ac.shef.dcs.oak.lodie.table.interpreter.content.KBSearcher_Freebase find_matchingEntitiesForText_clientFilterTypes
WARNING: QUERY (cache load)=Murfreesboro, Tennessee|Murfreesboro, Tennessee
Apr 30, 2015 10:16:40 AM uk.ac.shef.dcs.oak.lodie.table.interpreter.content.KBSearcher_Freebase find_matchingEntitiesForText_clientFilterTypes
WARNING: QUERY (cache load)=Cookeville, Tennessee|Cookeville, Tennessee
Apr 30, 2015 10:16:40 AM uk.ac.shef.dcs.oak.lodie.table.interpreter.content.KBSearcher_Freebase find_matchingEntitiesForText_clientFilterTypes
WARNING: QUERY (cache load)=Kansas City, Missouri|Kansas City, Missouri
Apr 30, 2015 10:16:40 AM uk.ac.shef.dcs.oak.lodie.table.interpreter.content.KBSearcher_Freebase find_matchingEntitiesForText_clientFilterTypes
WARNING: QUERY (cache load)=Beaumont, Texas|Beaumont, Texas
Apr 30, 2015 10:16:40 AM uk.ac.shef.dcs.oak.lodie.table.interpreter.content.KBSearcher_Freebase find_matchingEntitiesForText_clientFilterTypes
WARNING: QUERY (cache load)=England|England
Apr 30, 2015 10:16:41 AM uk.ac.shef.dcs.oak.lodie.table.interpreter.content.KBSearcher_Freebase find_matchingEntitiesForText_clientFilterTypes
WARNING: QUERY (cache load)=Raleigh, NC|Raleigh, NC
Apr 30, 2015 10:16:41 AM uk.ac.shef.dcs.oak.lodie.table.interpreter.content.KBSearcher_Freebase find_matchingEntitiesForText_clientFilterTypes
WARNING: QUERY (cache load)=Baltimore, MD|Baltimore, MD
Apr 30, 2015 10:16:41 AM uk.ac.shef.dcs.oak.lodie.table.interpreter.content.KBSearcher_Freebase find_matchingEntitiesForText_clientFilterTypes
WARNING: QUERY (cache load)=Charleston, SC|Charleston, SC
Apr 30, 2015 10:16:41 AM uk.ac.shef.dcs.oak.lodie.table.interpreter.content.KBSearcher_Freebase find_matchingEntitiesForText_clientFilterTypes
WARNING: QUERY (cache load)=Panama|Panama
Apr 30, 2015 10:16:41 AM uk.ac.shef.dcs.oak.lodie.table.interpreter.content.KBSearcher_Freebase find_matchingEntitiesForText_clientFilterTypes
WARNING: QUERY (cache load)=Active|Active
Apr 30, 2015 10:16:41 AM uk.ac.shef.dcs.oak.lodie.table.interpreter.content.KBSearcher_Freebase find_matchingEntitiesForText_clientFilterTypes
WARNING: QUERY (cache load)=Active|Active
Apr 30, 2015 10:16:41 AM uk.ac.shef.dcs.oak.lodie.table.interpreter.content.KBSearcher_Freebase find_matchingEntitiesForText_clientFilterTypes
WARNING: QUERY (cache load)=Inactive|Inactive
Apr 30, 2015 10:16:41 AM uk.ac.shef.dcs.oak.lodie.table.interpreter.content.KBSearcher_Freebase find_matchingEntitiesForText_clientFilterTypes
WARNING: QUERY (cache load)=Inactive|Inactive
Apr 30, 2015 10:16:41 AM uk.ac.shef.dcs.oak.lodie.table.interpreter.content.KBSearcher_Freebase find_matchingEntitiesForText_clientFilterTypes
WARNING: QUERY (cache load)=Active|Active
Apr 30, 2015 10:16:41 AM uk.ac.shef.dcs.oak.lodie.table.interpreter.content.KBSearcher_Freebase find_matchingEntitiesForText_clientFilterTypes
WARNING: QUERY (cache load)=Active|Active
Apr 30, 2015 10:16:41 AM uk.ac.shef.dcs.oak.lodie.table.interpreter.content.KBSearcher_Freebase find_matchingEntitiesForText_clientFilterTypes
WARNING: QUERY (cache load)=Active|Active
Apr 30, 2015 10:16:41 AM uk.ac.shef.dcs.oak.lodie.table.interpreter.content.KBSearcher_Freebase find_matchingEntitiesForText_clientFilterTypes
WARNING: QUERY (cache load)=Active|Active
Apr 30, 2015 10:16:41 AM uk.ac.shef.dcs.oak.lodie.table.interpreter.content.KBSearcher_Freebase find_matchingEntitiesForText_clientFilterTypes
WARNING: QUERY (cache load)=Inactive|Inactive
Apr 30, 2015 10:16:41 AM uk.ac.shef.dcs.oak.lodie.table.interpreter.content.KBSearcher_Freebase find_matchingEntitiesForText_clientFilterTypes
WARNING: QUERY (cache load)=Active|Active
Apr 30, 2015 10:16:41 AM uk.ac.shef.dcs.oak.lodie.table.interpreter.content.KBSearcher_Freebase find_matchingEntitiesForText_clientFilterTypes
WARNING: QUERY (cache load)=Inactive|Inactive
Apr 30, 2015 10:16:41 AM uk.ac.shef.dcs.oak.lodie.table.interpreter.content.KBSearcher_Freebase find_matchingEntitiesForText_clientFilterTypes
WARNING: QUERY (cache load)=Inactive|Inactive
Apr 30, 2015 10:16:41 AM uk.ac.shef.dcs.oak.lodie.table.interpreter.content.KBSearcher_Freebase find_matchingEntitiesForText_clientFilterTypes
WARNING: QUERY (cache load)=Inactive|Inactive
Apr 30, 2015 10:16:41 AM uk.ac.shef.dcs.oak.lodie.table.interpreter.content.KBSearcher_Freebase find_matchingEntitiesForText_clientFilterTypes
WARNING: QUERY (cache load)=Inactive|Inactive
Apr 30, 2015 10:16:41 AM uk.ac.shef.dcs.oak.lodie.table.interpreter.content.KBSearcher_Freebase find_matchingEntitiesForText_clientFilterTypes
WARNING: QUERY (cache load)=Inactive|Inactive
Apr 30, 2015 10:16:41 AM uk.ac.shef.dcs.oak.lodie.table.interpreter.content.KBSearcher_Freebase find_matchingEntitiesForText_clientFilterTypes
WARNING: QUERY (cache load)=Active|Active
Apr 30, 2015 10:16:41 AM uk.ac.shef.dcs.oak.lodie.table.interpreter.content.KBSearcher_Freebase find_matchingEntitiesForText_clientFilterTypes
WARNING: QUERY (cache load)=Active|Active
Apr 30, 2015 10:16:41 AM uk.ac.shef.dcs.oak.lodie.table.interpreter.content.KBSearcher_Freebase find_matchingEntitiesForText_clientFilterTypes
WARNING: QUERY (cache load)=Inactive|Inactive
Apr 30, 2015 10:16:41 AM uk.ac.shef.dcs.oak.lodie.table.interpreter.content.KBSearcher_Freebase find_matchingEntitiesForText_clientFilterTypes
WARNING: QUERY (cache load)=Inactive|Inactive
Apr 30, 2015 10:16:41 AM uk.ac.shef.dcs.oak.lodie.table.interpreter.content.KBSearcher_Freebase find_matchingEntitiesForText_clientFilterTypes
WARNING: QUERY (cache load)=Inactive|Inactive
Apr 30, 2015 10:16:41 AM uk.ac.shef.dcs.oak.lodie.table.interpreter.content.KBSearcher_Freebase find_matchingEntitiesForText_clientFilterTypes
WARNING: QUERY (cache load)=Inactive|Inactive
Apr 30, 2015 10:16:41 AM uk.ac.shef.dcs.oak.lodie.table.interpreter.content.KBSearcher_Freebase find_matchingEntitiesForText_clientFilterTypes
WARNING: QUERY (cache load)=Inactive|Inactive
Apr 30, 2015 10:16:41 AM uk.ac.shef.dcs.oak.lodie.table.interpreter.content.KBSearcher_Freebase find_matchingEntitiesForText_clientFilterTypes
WARNING: QUERY (cache load)=Inactive|Inactive
Apr 30, 2015 10:16:41 AM uk.ac.shef.dcs.oak.lodie.table.interpreter.content.KBSearcher_Freebase find_matchingEntitiesForText_clientFilterTypes
WARNING: QUERY (cache load)=Active|Active
Apr 30, 2015 10:16:41 AM uk.ac.shef.dcs.oak.lodie.table.interpreter.content.KBSearcher_Freebase find_matchingEntitiesForText_clientFilterTypes
WARNING: QUERY (cache load)=Active|Active
Apr 30, 2015 10:16:41 AM uk.ac.shef.dcs.oak.lodie.table.interpreter.content.KBSearcher_Freebase find_matchingEntitiesForText_clientFilterTypes
WARNING: QUERY (cache load)=Active|Active
Apr 30, 2015 10:16:41 AM uk.ac.shef.dcs.oak.lodie.table.interpreter.content.KBSearcher_Freebase find_matchingEntitiesForText_clientFilterTypes
WARNING: QUERY (cache load)=Inactive|Inactive
Apr 30, 2015 10:16:41 AM uk.ac.shef.dcs.oak.lodie.table.interpreter.content.KBSearcher_Freebase find_matchingEntitiesForText_clientFilterTypes
WARNING: QUERY (cache load)=Inactive|Inactive
Apr 30, 2015 10:16:41 AM uk.ac.shef.dcs.oak.lodie.table.interpreter.content.KBSearcher_Freebase find_matchingEntitiesForText_clientFilterTypes
WARNING: QUERY (cache load)=Inactive|Inactive
Apr 30, 2015 10:16:41 AM uk.ac.shef.dcs.oak.lodie.table.interpreter.content.KBSearcher_Freebase find_matchingEntitiesForText_clientFilterTypes
WARNING: QUERY (cache load)=Inactive|Inactive
Apr 30, 2015 10:16:41 AM uk.ac.shef.dcs.oak.lodie.table.interpreter.content.KBSearcher_Freebase find_matchingEntitiesForText_clientFilterTypes
WARNING: QUERY (cache load)=Inactive|Inactive
Apr 30, 2015 10:16:41 AM uk.ac.shef.dcs.oak.lodie.table.interpreter.content.KBSearcher_Freebase find_matchingEntitiesForText_clientFilterTypes
WARNING: QUERY (cache load)=Inactive|Inactive
Apr 30, 2015 10:16:41 AM uk.ac.shef.dcs.oak.lodie.table.interpreter.content.KBSearcher_Freebase find_matchingEntitiesForText_clientFilterTypes
WARNING: QUERY (cache load)=Active|Active
Apr 30, 2015 10:16:41 AM uk.ac.shef.dcs.oak.lodie.table.interpreter.content.KBSearcher_Freebase find_matchingEntitiesForText_clientFilterTypes
WARNING: QUERY (cache load)=Active|Active
Apr 30, 2015 10:16:41 AM uk.ac.shef.dcs.oak.lodie.table.interpreter.content.KBSearcher_Freebase find_matchingEntitiesForText_clientFilterTypes
WARNING: QUERY (cache load)=Inactive|Inactive
Apr 30, 2015 10:16:41 AM uk.ac.shef.dcs.oak.lodie.table.interpreter.content.KBSearcher_Freebase find_matchingEntitiesForText_clientFilterTypes
WARNING: QUERY (cache load)=Inactive|Inactive
Apr 30, 2015 10:16:41 AM uk.ac.shef.dcs.oak.lodie.table.interpreter.content.KBSearcher_Freebase find_matchingEntitiesForText_clientFilterTypes
WARNING: QUERY (cache load)=Active|Active
Apr 30, 2015 10:16:41 AM uk.ac.shef.dcs.oak.lodie.table.interpreter.content.KBSearcher_Freebase find_matchingEntitiesForText_clientFilterTypes
WARNING: QUERY (cache load)=Active|Active
Apr 30, 2015 10:16:41 AM uk.ac.shef.dcs.oak.lodie.table.interpreter.content.KBSearcher_Freebase find_matchingEntitiesForText_clientFilterTypes
WARNING: QUERY (cache load)=Inactive|Inactive
Apr 30, 2015 10:16:41 AM uk.ac.shef.dcs.oak.lodie.table.interpreter.content.KBSearcher_Freebase find_matchingEntitiesForText_clientFilterTypes
WARNING: QUERY (cache load)=Inactive|Inactive
Apr 30, 2015 10:16:41 AM uk.ac.shef.dcs.oak.lodie.table.interpreter.content.KBSearcher_Freebase find_matchingEntitiesForText_clientFilterTypes
WARNING: QUERY (cache load)=Inactive|Inactive
Apr 30, 2015 10:16:41 AM uk.ac.shef.dcs.oak.lodie.table.interpreter.content.KBSearcher_Freebase find_matchingEntitiesForText_clientFilterTypes
WARNING: QUERY (cache load)=Inactive|Inactive
Apr 30, 2015 10:16:41 AM uk.ac.shef.dcs.oak.lodie.table.interpreter.content.KBSearcher_Freebase find_matchingEntitiesForText_clientFilterTypes
WARNING: QUERY (cache load)=Active|Active
Apr 30, 2015 10:16:41 AM uk.ac.shef.dcs.oak.lodie.table.interpreter.content.KBSearcher_Freebase find_matchingEntitiesForText_clientFilterTypes
WARNING: QUERY (cache load)=Inactive|Inactive
Apr 30, 2015 10:16:41 AM uk.ac.shef.dcs.oak.lodie.table.interpreter.content.KBSearcher_Freebase find_matchingEntitiesForText_clientFilterTypes
WARNING: QUERY (cache load)=Inactive|Inactive
Apr 30, 2015 10:16:41 AM uk.ac.shef.dcs.oak.lodie.table.interpreter.content.KBSearcher_Freebase find_matchingEntitiesForText_clientFilterTypes
WARNING: QUERY (cache load)=Inactive|Inactive
Apr 30, 2015 10:16:41 AM uk.ac.shef.dcs.oak.lodie.table.interpreter.content.KBSearcher_Freebase find_matchingEntitiesForText_clientFilterTypes
WARNING: QUERY (cache load)=Inactive|Inactive
Apr 30, 2015 10:16:41 AM uk.ac.shef.dcs.oak.lodie.table.interpreter.content.KBSearcher_Freebase find_matchingEntitiesForText_clientFilterTypes
WARNING: QUERY (cache load)=Inactive|Inactive
Apr 30, 2015 10:16:41 AM uk.ac.shef.dcs.oak.lodie.table.interpreter.content.KBSearcher_Freebase find_matchingEntitiesForText_clientFilterTypes
WARNING: QUERY (cache load)=Inactive|Inactive
Apr 30, 2015 10:16:41 AM uk.ac.shef.dcs.oak.lodie.table.interpreter.content.KBSearcher_Freebase find_matchingEntitiesForText_clientFilterTypes
WARNING: QUERY (cache load)=Active|Active
Apr 30, 2015 10:16:41 AM uk.ac.shef.dcs.oak.lodie.table.interpreter.content.KBSearcher_Freebase find_matchingEntitiesForText_clientFilterTypes
WARNING: QUERY (cache load)=Active|Active
Apr 30, 2015 10:16:41 AM uk.ac.shef.dcs.oak.lodie.table.interpreter.content.KBSearcher_Freebase find_matchingEntitiesForText_clientFilterTypes
WARNING: QUERY (cache load)=Inactive|Inactive
Apr 30, 2015 10:16:41 AM uk.ac.shef.dcs.oak.lodie.table.interpreter.content.KBSearcher_Freebase find_matchingEntitiesForText_clientFilterTypes
WARNING: QUERY (cache load)=Inactive|Inactive
Apr 30, 2015 10:16:41 AM uk.ac.shef.dcs.oak.lodie.table.interpreter.content.KBSearcher_Freebase find_matchingEntitiesForText_clientFilterTypes
WARNING: QUERY (cache load)=Active|Active
Apr 30, 2015 10:16:41 AM uk.ac.shef.dcs.oak.lodie.table.interpreter.content.KBSearcher_Freebase find_matchingEntitiesForText_clientFilterTypes
WARNING: QUERY (cache load)=Active|Active
Apr 30, 2015 10:16:41 AM uk.ac.shef.dcs.oak.lodie.table.interpreter.content.KBSearcher_Freebase find_matchingEntitiesForText_clientFilterTypes
WARNING: QUERY (cache load)=Active|Active
Apr 30, 2015 10:16:41 AM uk.ac.shef.dcs.oak.lodie.table.interpreter.content.KBSearcher_Freebase find_matchingEntitiesForText_clientFilterTypes
WARNING: QUERY (cache load)=Inactive|Inactive
Apr 30, 2015 10:16:41 AM uk.ac.shef.dcs.oak.lodie.table.interpreter.content.KBSearcher_Freebase find_matchingEntitiesForText_clientFilterTypes
WARNING: QUERY (cache load)=Inactive|Inactive
Apr 30, 2015 10:16:41 AM uk.ac.shef.dcs.oak.lodie.table.interpreter.content.KBSearcher_Freebase find_matchingEntitiesForText_clientFilterTypes
WARNING: QUERY (cache load)=Active|Active
Apr 30, 2015 10:16:41 AM uk.ac.shef.dcs.oak.lodie.table.interpreter.content.KBSearcher_Freebase find_matchingEntitiesForText_clientFilterTypes
WARNING: QUERY (cache load)=Inactive|Inactive
Apr 30, 2015 10:16:41 AM uk.ac.shef.dcs.oak.lodie.table.interpreter.content.KBSearcher_Freebase find_matchingEntitiesForText_clientFilterTypes
WARNING: QUERY (cache load)=Active|Active
Apr 30, 2015 10:16:41 AM uk.ac.shef.dcs.oak.lodie.table.interpreter.content.KBSearcher_Freebase find_matchingEntitiesForText_clientFilterTypes
WARNING: QUERY (cache load)=Active|Active
Apr 30, 2015 10:16:41 AM uk.ac.shef.dcs.oak.lodie.table.interpreter.content.KBSearcher_Freebase find_matchingEntitiesForText_clientFilterTypes
WARNING: QUERY (cache load)=Inactive|Inactive
Apr 30, 2015 10:16:41 AM uk.ac.shef.dcs.oak.lodie.table.interpreter.content.KBSearcher_Freebase find_matchingEntitiesForText_clientFilterTypes
WARNING: QUERY (cache load)=Active|Active
Apr 30, 2015 10:16:41 AM uk.ac.shef.dcs.oak.lodie.table.interpreter.content.KBSearcher_Freebase find_matchingEntitiesForText_clientFilterTypes
WARNING: QUERY (cache load)=Inactive|Inactive
Apr 30, 2015 10:16:41 AM uk.ac.shef.dcs.oak.lodie.table.interpreter.content.KBSearcher_Freebase find_matchingEntitiesForText_clientFilterTypes
WARNING: QUERY (cache load)=Active|Active
Apr 30, 2015 10:16:41 AM uk.ac.shef.dcs.oak.lodie.table.interpreter.content.KBSearcher_Freebase find_matchingEntitiesForText_clientFilterTypes
WARNING: QUERY (cache load)=Active|Active
Apr 30, 2015 10:16:41 AM uk.ac.shef.dcs.oak.lodie.table.interpreter.content.KBSearcher_Freebase find_matchingEntitiesForText_clientFilterTypes
WARNING: QUERY (cache load)=Active|Active
Apr 30, 2015 10:16:41 AM uk.ac.shef.dcs.oak.lodie.table.interpreter.content.KBSearcher_Freebase find_matchingEntitiesForText_clientFilterTypes
WARNING: QUERY (cache load)=Active|Active
Apr 30, 2015 10:16:41 AM uk.ac.shef.dcs.oak.lodie.table.interpreter.content.KBSearcher_Freebase find_matchingEntitiesForText_clientFilterTypes
WARNING: QUERY (cache load)=Active|Active
Apr 30, 2015 10:16:41 AM uk.ac.shef.dcs.oak.lodie.table.interpreter.content.KBSearcher_Freebase find_matchingEntitiesForText_clientFilterTypes
WARNING: QUERY (cache load)=Active|Active
Apr 30, 2015 10:16:41 AM uk.ac.shef.dcs.oak.lodie.table.interpreter.content.KBSearcher_Freebase find_matchingEntitiesForText_clientFilterTypes
WARNING: QUERY (cache load)=Active|Active
Apr 30, 2015 10:16:41 AM uk.ac.shef.dcs.oak.lodie.table.interpreter.content.KBSearcher_Freebase find_matchingEntitiesForText_clientFilterTypes
WARNING: QUERY (cache load)=Active|Active
Apr 30, 2015 10:16:41 AM uk.ac.shef.dcs.oak.lodie.table.interpreter.content.KBSearcher_Freebase find_matchingEntitiesForText_clientFilterTypes
WARNING: QUERY (cache load)=Active|Active
Apr 30, 2015 10:16:41 AM uk.ac.shef.dcs.oak.lodie.table.interpreter.content.KBSearcher_Freebase find_matchingEntitiesForText_clientFilterTypes
WARNING: QUERY (cache load)=Active|Active
Apr 30, 2015 10:16:41 AM uk.ac.shef.dcs.oak.lodie.table.interpreter.content.KBSearcher_Freebase find_matchingEntitiesForText_clientFilterTypes
WARNING: QUERY (cache load)=Inactive|Inactive
Apr 30, 2015 10:16:41 AM uk.ac.shef.dcs.oak.lodie.table.interpreter.content.KBSearcher_Freebase find_matchingEntitiesForText_clientFilterTypes
WARNING: QUERY (cache load)=Active|Active
Apr 30, 2015 10:16:41 AM uk.ac.shef.dcs.oak.lodie.table.interpreter.content.KBSearcher_Freebase find_matchingEntitiesForText_clientFilterTypes
WARNING: QUERY (cache load)=Active|Active
Apr 30, 2015 10:16:41 AM uk.ac.shef.dcs.oak.lodie.table.interpreter.content.KBSearcher_Freebase find_matchingEntitiesForText_clientFilterTypes
WARNING: QUERY (cache load)=Colony|Colony
Apr 30, 2015 10:16:41 AM uk.ac.shef.dcs.oak.lodie.table.interpreter.content.KBSearcher_Freebase find_matchingEntitiesForText_clientFilterTypes
WARNING: QUERY (cache load)=Colony|Colony
Apr 30, 2015 10:16:41 AM uk.ac.shef.dcs.oak.lodie.table.interpreter.content.KBSearcher_Freebase find_granularityForType
WARNING: QUERY (cache load)=/internet/social_network_user|/internet/social_network_user
Apr 30, 2015 10:16:41 AM uk.ac.shef.dcs.oak.lodie.table.interpreter.content.KBSearcher_Freebase find_granularityForType
WARNING: QUERY (cache load)=/music/musical_group|/music/musical_group
Apr 30, 2015 10:16:41 AM uk.ac.shef.dcs.oak.lodie.table.interpreter.content.KBSearcher_Freebase find_granularityForType
WARNING: QUERY (cache load)=/music/artist|/music/artist
Apr 30, 2015 10:19:04 AM uk.ac.shef.dcs.oak.lodie.table.interpreter.content.KBSearcher_Freebase find_granularityForType
WARNING: QUERY (cache load)=/internet/social_network_user|/internet/social_network_user
Apr 30, 2015 10:19:04 AM uk.ac.shef.dcs.oak.lodie.table.interpreter.content.KBSearcher_Freebase find_granularityForType
WARNING: QUERY (cache load)=/music/musical_group|/music/musical_group
Apr 30, 2015 10:19:04 AM uk.ac.shef.dcs.oak.lodie.table.interpreter.content.KBSearcher_Freebase find_granularityForType
WARNING: QUERY (cache load)=/music/artist|/music/artist
